<?xml version="1.0" encoding="UTF-8"?>
<testsuite name="CalendarContainerTest" tests="11" skipped="0" failures="0" errors="0" timestamp="2025-11-21T01:42:05" hostname="Devas-MacBook-Pro.local" time="0.002">
  <properties/>
  <testcase name="testCalendarManagerUpdateDuplicateName" classname="CalendarContainerTest" time="0.001"/>
  <testcase name="testCalendarManagerUpdateInvalidCalendarName" classname="CalendarContainerTest" time="0.0"/>
  <testcase name="testCalendarManagerAddNewCalendar" classname="CalendarContainerTest" time="0.0"/>
  <testcase name="testCalendarManagerUpdateName" classname="CalendarContainerTest" time="0.0"/>
  <testcase name="testRemoveEvent" classname="CalendarContainerTest" time="0.0"/>
  <testcase name="testCalendarManagerCreateDuplicateName" classname="CalendarContainerTest" time="0.0"/>
  <testcase name="testCalendarManagerUpdateTimezone" classname="CalendarContainerTest" time="0.001"/>
  <testcase name="testCalendarManagerUpdateInvalidTimezone" classname="CalendarContainerTest" time="0.0"/>
  <testcase name="testCalendarManagerInvalidSetActive" classname="CalendarContainerTest" time="0.0"/>
  <testcase name="testUpdateCalendarDuplicateNameThrowsAndRestores" classname="CalendarContainerTest" time="0.0"/>
  <testcase name="testCalendarManagerUpdateInvalidProperty" classname="CalendarContainerTest" time="0.0"/>
  <system-out><![CDATA[]]></system-out>
  <system-err><![CDATA[]]></system-err>
</testsuite>
