<?xml version="1.0" encoding="UTF-8"?>
<testsuite name="CopyCommandTest" tests="13" skipped="0" failures="0" errors="0" timestamp="2025-11-21T02:20:58" hostname="Devas-MacBook-Pro.local" time="0.003">
  <properties/>
  <testcase name="testPartialSeriesCopy" classname="CopyCommandTest" time="0.0"/>
  <testcase name="testCopyEvent" classname="CopyCommandTest" time="0.0"/>
  <testcase name="testCopyFromSameCalendarToDifferentDate" classname="CopyCommandTest" time="0.001"/>
  <testcase name="testCopyInvalidCommands" classname="CopyCommandTest" time="0.0"/>
  <testcase name="testCopyInvalidCommandsThree" classname="CopyCommandTest" time="0.0"/>
  <testcase name="testCopyEventsToDifferentTimeZoneInvalid" classname="CopyCommandTest" time="0.001"/>
  <testcase name="testCopyFromSameCalendarToSameDate" classname="CopyCommandTest" time="0.0"/>
  <testcase name="testCopyInvalidCommandsTwo" classname="CopyCommandTest" time="0.0"/>
  <testcase name="testCopyEventsToDifferentTimeZoneValid" classname="CopyCommandTest" time="0.0"/>
  <testcase name="testCopyInvalidCommandsFour" classname="CopyCommandTest" time="0.0"/>
  <testcase name="testCopyEventsTypeTwoValid" classname="CopyCommandTest" time="0.0"/>
  <testcase name="testCopyEventToDifferentTimeZone" classname="CopyCommandTest" time="0.0"/>
  <testcase name="testCopyInvalidCommandsMultiple" classname="CopyCommandTest" time="0.0"/>
  <system-out><![CDATA[]]></system-out>
  <system-err><![CDATA[]]></system-err>
</testsuite>
