<?xml version="1.0" encoding="UTF-8"?>
<testsuite name="CalendarExportTest" tests="5" skipped="0" failures="0" errors="0" timestamp="2025-11-21T21:30:10" hostname="Devas-MacBook-Pro.local" time="0.022">
  <properties/>
  <testcase name="testIcalExportInvalidFileName" classname="CalendarExportTest" time="0.004"/>
  <testcase name="testCsvExport" classname="CalendarExportTest" time="0.01"/>
  <testcase name="icalExportTest" classname="CalendarExportTest" time="0.005"/>
  <testcase name="testCsvExportInvalidFileName" classname="CalendarExportTest" time="0.002"/>
  <testcase name="testExportInvalidCommand" classname="CalendarExportTest" time="0.001"/>
  <system-out><![CDATA[]]></system-out>
  <system-err><![CDATA[]]></system-err>
</testsuite>
