<?xml version="1.0" encoding="UTF-8"?>
<testsuite name="CalendarExportTest" tests="5" skipped="0" failures="0" errors="0" timestamp="2025-11-21T01:42:05" hostname="Devas-MacBook-Pro.local" time="0.013">
  <properties/>
  <testcase name="testIcalExportInvalidFileName" classname="CalendarExportTest" time="0.003"/>
  <testcase name="testCsvExport" classname="CalendarExportTest" time="0.008"/>
  <testcase name="icalExportTest" classname="CalendarExportTest" time="0.001"/>
  <testcase name="testCsvExportInvalidFileName" classname="CalendarExportTest" time="0.001"/>
  <testcase name="testExportInvalidCommand" classname="CalendarExportTest" time="0.0"/>
  <system-out><![CDATA[]]></system-out>
  <system-err><![CDATA[]]></system-err>
</testsuite>
