<?xml version="1.0" encoding="UTF-8"?>
<testsuite name="CalendarInputFactoryTest" tests="9" skipped="0" failures="0" errors="0" timestamp="2025-11-21T21:39:02" hostname="Devas-MacBook-Pro.local" time="0.001">
  <properties/>
  <testcase name="testInputFactoryInvalid1" classname="CalendarInputFactoryTest" time="0.0"/>
  <testcase name="testInputFactoryInValidHeadless" classname="CalendarInputFactoryTest" time="0.0"/>
  <testcase name="testInputFactoryInValidHeadless1" classname="CalendarInputFactoryTest" time="0.001"/>
  <testcase name="testInputFactoryInvalid" classname="CalendarInputFactoryTest" time="0.0"/>
  <testcase name="testInputFactoryInvalidSize" classname="CalendarInputFactoryTest" time="0.0"/>
  <testcase name="testInputFactoryValidHeadless" classname="CalendarInputFactoryTest" time="0.0"/>
  <testcase name="testInputFactoryInvalidSize1" classname="CalendarInputFactoryTest" time="0.0"/>
  <testcase name="testInputFactoryInvalidSize2" classname="CalendarInputFactoryTest" time="0.0"/>
  <testcase name="testInputFactoryValidInteractive" classname="CalendarInputFactoryTest" time="0.0"/>
  <system-out><![CDATA[]]></system-out>
  <system-err><![CDATA[]]></system-err>
</testsuite>
