<?xml version="1.0" encoding="UTF-8"?>
<testsuite name="CalendarViewTest" tests="3" skipped="0" failures="0" errors="0" timestamp="2025-11-21T21:30:10" hostname="Devas-MacBook-Pro.local" time="0.0">
  <properties/>
  <testcase name="testViewConstructor" classname="CalendarViewTest" time="0.0"/>
  <testcase name="testRenderErrorWritesFormattedError" classname="CalendarViewTest" time="0.0"/>
  <testcase name="testRender" classname="CalendarViewTest" time="0.0"/>
  <system-out><![CDATA[]]></system-out>
  <system-err><![CDATA[]]></system-err>
</testsuite>
