<?xml version="1.0" encoding="UTF-8"?>
<testsuite name="CalendarEditEventsTest" tests="33" skipped="0" failures="0" errors="0" timestamp="2025-11-21T01:42:05" hostname="Devas-MacBook-Pro.local" time="0.04">
  <properties/>
  <testcase name="testCalendarEditEventsSeriesMultipleEventsSeries" classname="CalendarEditEventsTest" time="0.005"/>
  <testcase name="testCalendarEditEvents1EventStatus" classname="CalendarEditEventsTest" time="0.002"/>
  <testcase name="testCalendarEditEventsSeriesFilterTest" classname="CalendarEditEventsTest" time="0.001"/>
  <testcase name="testCalendarEditEventInvalidNewValue" classname="CalendarEditEventsTest" time="0.001"/>
  <testcase name="testCalendarEditEventInvalidNewValueEndDate" classname="CalendarEditEventsTest" time="0.001"/>
  <testcase name="testCalendarEditEventInvalidNewValueInvalid1" classname="CalendarEditEventsTest" time="0.0"/>
  <testcase name="testCalendarEditEvents1EventSubjectInvalid" classname="CalendarEditEventsTest" time="0.001"/>
  <testcase name="testCalendarEditEventsEventId" classname="CalendarEditEventsTest" time="0.0"/>
  <testcase name="testCalendarEditEvents1Subject" classname="CalendarEditEventsTest" time="0.001"/>
  <testcase name="testCalendarEditEventsSeriesFilter" classname="CalendarEditEventsTest" time="0.0"/>
  <testcase name="testCalendarEditEventsMultipleEventsSeriesBeforeStart" classname="CalendarEditEventsTest" time="0.003"/>
  <testcase name="testCalendarEditEvents1StartAfterEnd" classname="CalendarEditEventsTest" time="0.001"/>
  <testcase name="testCalendarEditEventsMultipleEventsSeries" classname="CalendarEditEventsTest" time="0.001"/>
  <testcase name="testCalendarEditEventsPrint" classname="CalendarEditEventsTest" time="0.001"/>
  <testcase name="testCalendarEditEvents1Location" classname="CalendarEditEventsTest" time="0.001"/>
  <testcase name="testCalendarEditEventInvalidNewValueInvalidEvents" classname="CalendarEditEventsTest" time="0.002"/>
  <testcase name="testCalendarEditEventInvalidProperty" classname="CalendarEditEventsTest" time="0.001"/>
  <testcase name="testCalendarEditEventsMultipleEvents" classname="CalendarEditEventsTest" time="0.002"/>
  <testcase name="testCalendarEditEventInvalidNewValueInvalidSeries" classname="CalendarEditEventsTest" time="0.001"/>
  <testcase name="testCalendarEditEvents1Description" classname="CalendarEditEventsTest" time="0.001"/>
  <testcase name="testCalendarEditEvents1Start" classname="CalendarEditEventsTest" time="0.002"/>
  <testcase name="testCalendarEditEventsInvalidIndex4" classname="CalendarEditEventsTest" time="0.001"/>
  <testcase name="testCalendarEditEventsSeriesInvalidIndex4" classname="CalendarEditEventsTest" time="0.001"/>
  <testcase name="testCalendarEditEventsSeriesInvalid" classname="CalendarEditEventsTest" time="0.001"/>
  <testcase name="testCalendarEditEventInvalidIndex4" classname="CalendarEditEventsTest" time="0.001"/>
  <testcase name="testCalendarEditEventInvalidIndex6" classname="CalendarEditEventsTest" time="0.0"/>
  <testcase name="testCalendarEditEventInvalidIndex8" classname="CalendarEditEventsTest" time="0.001"/>
  <testcase name="testCalendarEditEventsSeries" classname="CalendarEditEventsTest" time="0.002"/>
  <testcase name="testCalendarEditEvents1LocationUnknown" classname="CalendarEditEventsTest" time="0.0"/>
  <testcase name="testCalendarEditEventsSeriesSubject" classname="CalendarEditEventsTest" time="0.002"/>
  <testcase name="testCalendarEditEventsEventsInvalid6" classname="CalendarEditEventsTest" time="0.001"/>
  <testcase name="testCalendarEditEvents1End" classname="CalendarEditEventsTest" time="0.001"/>
  <testcase name="testCalendarPrintEvents" classname="CalendarEditEventsTest" time="0.001"/>
  <system-out><![CDATA[Welcome to the calendar!
Use below mentioned commands to interact with the application...
To create a new calendar
create calendar --name <calName> --timezone area/location
To edit an existing calendar
edit calendar --name <calName> --timezone area/location
To use a calendar that is created:
use calendar --name <name-of-calendar>
To copy events from one calendar to another:
copy event <eventName> on <dateStringTtimeString> --target <calendarName> to <dateStringTtimeString>
copy events on <dateString> --target <calendarName> to <dateString>
copy events between <dateString> and <dateString> --target <calendarName> to <dateString>

Commands Supported on individual calendars:
create event <eventSubject> from <dateStringTtimeString> to <dateStringTtimeString>
create event <eventSubject> from <dateStringTtimeString> to <dateStringTtimeString> repeats <weekdays> for <N> times
create event <eventSubject> from <dateStringTtimeString> to <dateStringTtimeString> repeats <weekdays> until <dateString>
create event <eventSubject> on <dateString>
create event <eventSubject> on <dateString> repeats <weekdays> for <N> times
create event <eventSubject> on <dateString> repeats <weekdays> until <dateString>
edit event <property> <eventSubject> from <dateStringTtimeString> to <dateStringTtimeString> with <NewPropertyValue>
edit events <property> <eventSubject> from <dateStringTtimeString> with <NewPropertyValue>
edit series <property> <eventSubject> from <dateStringTtimeString> with <NewPropertyValue>
print events on <dateString>
print events from <dateStringTtimeString> to <dateStringTtimeString>
export cal fileName.csv or export cal fileName.ical
show status on <dateStringTtimeString>
To exit the application:
exit

Created Event: 
Subject: firstEvent, Start: 2025-10-25T08:00, End: 2025-10-25T17:00, Description: No description given, Type: SINGLE, AllDayEvent: true
Event updated:
Subject: firstEvent, Start: 2025-10-25T08:00, End: 2025-10-25T17:00, Description: Editing event description, Type: SINGLE, AllDayEvent: true

Exiting!!
Thank you for using this program!

Welcome to the calendar!
Use below mentioned commands to interact with the application...
To create a new calendar
create calendar --name <calName> --timezone area/location
To edit an existing calendar
edit calendar --name <calName> --timezone area/location
To use a calendar that is created:
use calendar --name <name-of-calendar>
To copy events from one calendar to another:
copy event <eventName> on <dateStringTtimeString> --target <calendarName> to <dateStringTtimeString>
copy events on <dateString> --target <calendarName> to <dateString>
copy events between <dateString> and <dateString> --target <calendarName> to <dateString>

Commands Supported on individual calendars:
create event <eventSubject> from <dateStringTtimeString> to <dateStringTtimeString>
create event <eventSubject> from <dateStringTtimeString> to <dateStringTtimeString> repeats <weekdays> for <N> times
create event <eventSubject> from <dateStringTtimeString> to <dateStringTtimeString> repeats <weekdays> until <dateString>
create event <eventSubject> on <dateString>
create event <eventSubject> on <dateString> repeats <weekdays> for <N> times
create event <eventSubject> on <dateString> repeats <weekdays> until <dateString>
edit event <property> <eventSubject> from <dateStringTtimeString> to <dateStringTtimeString> with <NewPropertyValue>
edit events <property> <eventSubject> from <dateStringTtimeString> with <NewPropertyValue>
edit series <property> <eventSubject> from <dateStringTtimeString> with <NewPropertyValue>
print events on <dateString>
print events from <dateStringTtimeString> to <dateStringTtimeString>
export cal fileName.csv or export cal fileName.ical
show status on <dateStringTtimeString>
To exit the application:
exit

Created Event: 
Subject: firstEvent, Start: 2025-10-25T08:00, End: 2025-10-25T17:00, Description: No description given, Type: SINGLE, AllDayEvent: true
Event updated:
Subject: firstEvent, Start: 2025-10-25T08:00, End: 2025-10-25T12:15, Description: No description given, Type: SINGLE, AllDayEvent: false

Exiting!!
Thank you for using this program!

]]></system-out>
  <system-err><![CDATA[]]></system-err>
</testsuite>
